

*******************************************************************************
Sun Sep 20 02:02:05 2015


FIT:    data read from "data" using 1:2
        format = x:z
        #datapoints = 3
        residuals are weighted equally (unit weight)

function used for fitting: f(x)
fitted parameters initialized with current variable values



 Iteration 0
 WSSR        : 1.94837e+07       delta(WSSR)/WSSR   : 0
 delta(WSSR) : 0                 limit for stopping : 1e-05
 lambda	  : 1882.79

initial set of free parameter values

a               = 1
b               = 1

The maximum lambda = 1.000000e+20 was exceeded. Fit stopped.
final sum of squares of residuals : 0.00419181
rel. change during last iteration : 0

degrees of freedom    (FIT_NDF)                        : 1
rms of residuals      (FIT_STDFIT) = sqrt(WSSR/ndf)    : 0.0647442
variance of residuals (reduced chisquare) = WSSR/ndf   : 0.00419181

Final set of parameters            Asymptotic Standard Error
=======================            ==========================

a               = -30.0528         +/- 0.0716       (0.2382%)
b               = 0.0528634        +/- 2.689e-05    (0.05087%)


correlation matrix of the fit parameters:

               a      b      
a               1.000 
b              -0.853  1.000 


*******************************************************************************
Sun Sep 20 02:04:34 2015


FIT:    data read from "data" using 1:2
        format = x:z
        #datapoints = 3
        residuals are weighted equally (unit weight)

function used for fitting: y(x)
fitted parameters initialized with current variable values



 Iteration 0
 WSSR        : 1.94837e+07       delta(WSSR)/WSSR   : 0
 delta(WSSR) : 0                 limit for stopping : 1e-05
 lambda	  : 1882.79

initial set of free parameter values

m               = 1
c               = 1

After 8 iterations the fit converged.
final sum of squares of residuals : 0.00419181
rel. change during last iteration : -4.75498e-13

degrees of freedom    (FIT_NDF)                        : 1
rms of residuals      (FIT_STDFIT) = sqrt(WSSR/ndf)    : 0.0647442
variance of residuals (reduced chisquare) = WSSR/ndf   : 0.00419181

Final set of parameters            Asymptotic Standard Error
=======================            ==========================

m               = 0.0528634        +/- 2.689e-05    (0.05087%)
c               = -30.0528         +/- 0.0716       (0.2382%)


correlation matrix of the fit parameters:

               m      c      
m               1.000 
c              -0.853  1.000 
